<?xml version="1.0" encoding="UTF-8"?>
<!-- Generated by org.testng.reporters.JUnitReportReporter -->
<testsuite hostname="INLPF1AX91E" failures="0" tests="1" name="Framework.Data.DataReader" time="0.022" errors="0" timestamp="2024-11-05T13:42:53 IST" skipped="0">
  <testcase classname="Framework.Data.DataReader" name="getJsonDatatoMap" time="0.022"/>
</testsuite> <!-- Framework.Data.DataReader -->
