<?xml version="1.0" encoding="UTF-8"?>
<!-- Generated by org.testng.reporters.JUnitReportReporter -->
<testsuite hostname="INLPF1AX91E" failures="0" tests="1" name="Framework.Eshopping.ErrorValidation" time="53.283" errors="0" timestamp="2024-11-23T19:56:11 IST" skipped="0">
  <testcase classname="Framework.Eshopping.ErrorValidation" name="VerifyLoginErrorMessage" time="53.283"/>
</testsuite> <!-- Framework.Eshopping.ErrorValidation -->
