<?xml version="1.0" encoding="UTF-8"?>
<!-- Generated by org.testng.reporters.JUnitReportReporter -->
<testsuite hostname="INLPF1AX91E" failures="0" tests="1" name="Framework.Eshopping.ErrorValidation" time="43.677" errors="0" timestamp="2024-11-13T13:59:29 IST" skipped="0">
  <testcase classname="Framework.Eshopping.ErrorValidation" name="VerifyLoginErrorMessage" time="43.677"/>
</testsuite> <!-- Framework.Eshopping.ErrorValidation -->
